Start testing: Sep 14 15:40 CEST
----------------------------------------------------------
1/13 Testing: primitive
1/13 Test: primitive
Command: "/mnt/c/Users/vande/Desktop/NETWORK/build-linux-clang-release/test_primitive"
Directory: /mnt/c/Users/vande/Desktop/NETWORK/build-linux-clang-release
"primitive" start time: Sep 14 15:40 CEST
Output:
----------------------------------------------------------
<end of output>
Test time =   0.01 sec
----------------------------------------------------------
Test Passed.
"primitive" end time: Sep 14 15:40 CEST
"primitive" time elapsed: 00:00:00
----------------------------------------------------------

2/13 Testing: graph
2/13 Test: graph
Command: "/mnt/c/Users/vande/Desktop/NETWORK/build-linux-clang-release/test_graph"
Directory: /mnt/c/Users/vande/Desktop/NETWORK/build-linux-clang-release
"graph" start time: Sep 14 15:40 CEST
Output:
----------------------------------------------------------
<end of output>
Test time =   0.01 sec
----------------------------------------------------------
Test Passed.
"graph" end time: Sep 14 15:40 CEST
"graph" time elapsed: 00:00:00
----------------------------------------------------------

3/13 Testing: topology
3/13 Test: topology
Command: "/mnt/c/Users/vande/Desktop/NETWORK/build-linux-clang-release/test_topology"
Directory: /mnt/c/Users/vande/Desktop/NETWORK/build-linux-clang-release
"topology" start time: Sep 14 15:40 CEST
Output:
----------------------------------------------------------
<end of output>
Test time =   0.01 sec
----------------------------------------------------------
Test Passed.
"topology" end time: Sep 14 15:40 CEST
"topology" time elapsed: 00:00:00
----------------------------------------------------------

4/13 Testing: determinism
4/13 Test: determinism
Command: "/mnt/c/Users/vande/Desktop/NETWORK/build-linux-clang-release/test_determinism"
Directory: /mnt/c/Users/vande/Desktop/NETWORK/build-linux-clang-release
"determinism" start time: Sep 14 15:40 CEST
Output:
----------------------------------------------------------
<end of output>
Test time =   0.01 sec
----------------------------------------------------------
Test Passed.
"determinism" end time: Sep 14 15:40 CEST
"determinism" time elapsed: 00:00:00
----------------------------------------------------------

5/13 Testing: expressivity
5/13 Test: expressivity
Command: "/mnt/c/Users/vande/Desktop/NETWORK/build-linux-clang-release/test_expressivity"
Directory: /mnt/c/Users/vande/Desktop/NETWORK/build-linux-clang-release
"expressivity" start time: Sep 14 15:40 CEST
Output:
----------------------------------------------------------
<end of output>
Test time =   0.01 sec
----------------------------------------------------------
Test Passed.
"expressivity" end time: Sep 14 15:40 CEST
"expressivity" time elapsed: 00:00:00
----------------------------------------------------------

6/13 Testing: expressivity_regression
6/13 Test: expressivity_regression
Command: "/mnt/c/Users/vande/Desktop/NETWORK/build-linux-clang-release/test_expressivity_regression"
Directory: /mnt/c/Users/vande/Desktop/NETWORK/build-linux-clang-release
"expressivity_regression" start time: Sep 14 15:40 CEST
Output:
----------------------------------------------------------
<end of output>
Test time =   0.01 sec
----------------------------------------------------------
Test Passed.
"expressivity_regression" end time: Sep 14 15:40 CEST
"expressivity_regression" time elapsed: 00:00:00
----------------------------------------------------------

7/13 Testing: fsm
7/13 Test: fsm
Command: "/mnt/c/Users/vande/Desktop/NETWORK/build-linux-clang-release/test_fsm"
Directory: /mnt/c/Users/vande/Desktop/NETWORK/build-linux-clang-release
"fsm" start time: Sep 14 15:40 CEST
Output:
----------------------------------------------------------
<end of output>
Test time =   0.01 sec
----------------------------------------------------------
Test Passed.
"fsm" end time: Sep 14 15:40 CEST
"fsm" time elapsed: 00:00:00
----------------------------------------------------------

8/13 Testing: generated
8/13 Test: generated
Command: "/mnt/c/Users/vande/Desktop/NETWORK/build-linux-clang-release/test_generated"
Directory: /mnt/c/Users/vande/Desktop/NETWORK/build-linux-clang-release
"generated" start time: Sep 14 15:40 CEST
Output:
----------------------------------------------------------
<end of output>
Test time =   0.01 sec
----------------------------------------------------------
Test Passed.
"generated" end time: Sep 14 15:40 CEST
"generated" time elapsed: 00:00:00
----------------------------------------------------------

9/13 Testing: serialization
9/13 Test: serialization
Command: "/mnt/c/Users/vande/Desktop/NETWORK/build-linux-clang-release/test_serialization"
Directory: /mnt/c/Users/vande/Desktop/NETWORK/build-linux-clang-release
"serialization" start time: Sep 14 15:40 CEST
Output:
----------------------------------------------------------
<end of output>
Test time =   0.01 sec
----------------------------------------------------------
Test Passed.
"serialization" end time: Sep 14 15:40 CEST
"serialization" time elapsed: 00:00:00
----------------------------------------------------------

10/13 Testing: analysis
10/13 Test: analysis
Command: "/mnt/c/Users/vande/Desktop/NETWORK/build-linux-clang-release/test_analysis"
Directory: /mnt/c/Users/vande/Desktop/NETWORK/build-linux-clang-release
"analysis" start time: Sep 14 15:40 CEST
Output:
----------------------------------------------------------
<end of output>
Test time =   0.01 sec
----------------------------------------------------------
Test Passed.
"analysis" end time: Sep 14 15:40 CEST
"analysis" time elapsed: 00:00:00
----------------------------------------------------------

11/13 Testing: retry
11/13 Test: retry
Command: "/mnt/c/Users/vande/Desktop/NETWORK/build-linux-clang-release/test_retry"
Directory: /mnt/c/Users/vande/Desktop/NETWORK/build-linux-clang-release
"retry" start time: Sep 14 15:40 CEST
Output:
----------------------------------------------------------
<end of output>
Test time =   0.01 sec
----------------------------------------------------------
Test Passed.
"retry" end time: Sep 14 15:40 CEST
"retry" time elapsed: 00:00:00
----------------------------------------------------------

12/13 Testing: freeze
12/13 Test: freeze
Command: "/mnt/c/Users/vande/Desktop/NETWORK/build-linux-clang-release/test_freeze"
Directory: /mnt/c/Users/vande/Desktop/NETWORK/build-linux-clang-release
"freeze" start time: Sep 14 15:40 CEST
Output:
----------------------------------------------------------
<end of output>
Test time =   0.02 sec
----------------------------------------------------------
Test Passed.
"freeze" end time: Sep 14 15:40 CEST
"freeze" time elapsed: 00:00:00
----------------------------------------------------------

13/13 Testing: cross_toolchain
13/13 Test: cross_toolchain
Command: "/mnt/c/Users/vande/Desktop/NETWORK/build-linux-clang-release/test_cross_toolchain"
Directory: /mnt/c/Users/vande/Desktop/NETWORK/build-linux-clang-release
"cross_toolchain" start time: Sep 14 15:40 CEST
Output:
----------------------------------------------------------
status=0 count=1
504e505300000000ffffffffffffffff000000000000000000000000000000000000000000000000000000000000000000000000000000000000000000000000ffffffffffffffff
504e50430000000004070000000000000000000002000000010000000000008002000000000000000000008000000000000000000000000000000000810000000200000001020000010700020000000000
port=1 type=fedcba98 input=000000ff seq=ffffffffffffffff epoch=8000000000000000 flags=8000000000000000 payload=1122334455667788 length=ffffffff f0=0101010101010101 f1=0202020202020202 f2=0303030303030303 f3=0404040404040404 f4=0505050505050505 f5=0606060606060606 f6=0707070707070707 f7=0808080808080808
<end of output>
Test time =   0.01 sec
----------------------------------------------------------
Test Passed.
"cross_toolchain" end time: Sep 14 15:40 CEST
"cross_toolchain" time elapsed: 00:00:00
----------------------------------------------------------

End testing: Sep 14 15:40 CEST
