Start testing: Sep 14 15:29 Stredoeurópsky èas (letný)
----------------------------------------------------------
1/12 Testing: primitive
1/12 Test: primitive
Command: "C:/Users/vande/Desktop/NETWORK/build-release/test_primitive.exe"
Directory: C:/Users/vande/Desktop/NETWORK/build-release
"primitive" start time: Sep 14 15:29 Stredoeurópsky èas (letný)
Output:
----------------------------------------------------------
<end of output>
Test time =   0.06 sec
----------------------------------------------------------
Test Passed.
"primitive" end time: Sep 14 15:29 Stredoeurópsky èas (letný)
"primitive" time elapsed: 00:00:00
----------------------------------------------------------

2/12 Testing: graph
2/12 Test: graph
Command: "C:/Users/vande/Desktop/NETWORK/build-release/test_graph.exe"
Directory: C:/Users/vande/Desktop/NETWORK/build-release
"graph" start time: Sep 14 15:29 Stredoeurópsky èas (letný)
Output:
----------------------------------------------------------
<end of output>
Test time =   0.05 sec
----------------------------------------------------------
Test Passed.
"graph" end time: Sep 14 15:29 Stredoeurópsky èas (letný)
"graph" time elapsed: 00:00:00
----------------------------------------------------------

3/12 Testing: topology
3/12 Test: topology
Command: "C:/Users/vande/Desktop/NETWORK/build-release/test_topology.exe"
Directory: C:/Users/vande/Desktop/NETWORK/build-release
"topology" start time: Sep 14 15:29 Stredoeurópsky èas (letný)
Output:
----------------------------------------------------------
<end of output>
Test time =   0.05 sec
----------------------------------------------------------
Test Passed.
"topology" end time: Sep 14 15:29 Stredoeurópsky èas (letný)
"topology" time elapsed: 00:00:00
----------------------------------------------------------

4/12 Testing: determinism
4/12 Test: determinism
Command: "C:/Users/vande/Desktop/NETWORK/build-release/test_determinism.exe"
Directory: C:/Users/vande/Desktop/NETWORK/build-release
"determinism" start time: Sep 14 15:29 Stredoeurópsky èas (letný)
Output:
----------------------------------------------------------
<end of output>
Test time =   0.06 sec
----------------------------------------------------------
Test Passed.
"determinism" end time: Sep 14 15:29 Stredoeurópsky èas (letný)
"determinism" time elapsed: 00:00:00
----------------------------------------------------------

5/12 Testing: expressivity
5/12 Test: expressivity
Command: "C:/Users/vande/Desktop/NETWORK/build-release/test_expressivity.exe"
Directory: C:/Users/vande/Desktop/NETWORK/build-release
"expressivity" start time: Sep 14 15:29 Stredoeurópsky èas (letný)
Output:
----------------------------------------------------------
<end of output>
Test time =   0.05 sec
----------------------------------------------------------
Test Passed.
"expressivity" end time: Sep 14 15:29 Stredoeurópsky èas (letný)
"expressivity" time elapsed: 00:00:00
----------------------------------------------------------

6/12 Testing: expressivity_regression
6/12 Test: expressivity_regression
Command: "C:/Users/vande/Desktop/NETWORK/build-release/test_expressivity_regression.exe"
Directory: C:/Users/vande/Desktop/NETWORK/build-release
"expressivity_regression" start time: Sep 14 15:29 Stredoeurópsky èas (letný)
Output:
----------------------------------------------------------
<end of output>
Test time =   0.07 sec
----------------------------------------------------------
Test Passed.
"expressivity_regression" end time: Sep 14 15:29 Stredoeurópsky èas (letný)
"expressivity_regression" time elapsed: 00:00:00
----------------------------------------------------------

7/12 Testing: fsm
7/12 Test: fsm
Command: "C:/Users/vande/Desktop/NETWORK/build-release/test_fsm.exe"
Directory: C:/Users/vande/Desktop/NETWORK/build-release
"fsm" start time: Sep 14 15:29 Stredoeurópsky èas (letný)
Output:
----------------------------------------------------------
<end of output>
Test time =   0.06 sec
----------------------------------------------------------
Test Passed.
"fsm" end time: Sep 14 15:29 Stredoeurópsky èas (letný)
"fsm" time elapsed: 00:00:00
----------------------------------------------------------

8/12 Testing: generated
8/12 Test: generated
Command: "C:/Users/vande/Desktop/NETWORK/build-release/test_generated.exe"
Directory: C:/Users/vande/Desktop/NETWORK/build-release
"generated" start time: Sep 14 15:29 Stredoeurópsky èas (letný)
Output:
----------------------------------------------------------
<end of output>
Test time =   0.08 sec
----------------------------------------------------------
Test Passed.
"generated" end time: Sep 14 15:29 Stredoeurópsky èas (letný)
"generated" time elapsed: 00:00:00
----------------------------------------------------------

9/12 Testing: serialization
9/12 Test: serialization
Command: "C:/Users/vande/Desktop/NETWORK/build-release/test_serialization.exe"
Directory: C:/Users/vande/Desktop/NETWORK/build-release
"serialization" start time: Sep 14 15:29 Stredoeurópsky èas (letný)
Output:
----------------------------------------------------------
<end of output>
Test time =   0.06 sec
----------------------------------------------------------
Test Passed.
"serialization" end time: Sep 14 15:29 Stredoeurópsky èas (letný)
"serialization" time elapsed: 00:00:00
----------------------------------------------------------

10/12 Testing: analysis
10/12 Test: analysis
Command: "C:/Users/vande/Desktop/NETWORK/build-release/test_analysis.exe"
Directory: C:/Users/vande/Desktop/NETWORK/build-release
"analysis" start time: Sep 14 15:29 Stredoeurópsky èas (letný)
Output:
----------------------------------------------------------
<end of output>
Test time =   0.05 sec
----------------------------------------------------------
Test Passed.
"analysis" end time: Sep 14 15:29 Stredoeurópsky èas (letný)
"analysis" time elapsed: 00:00:00
----------------------------------------------------------

11/12 Testing: retry
11/12 Test: retry
Command: "C:/Users/vande/Desktop/NETWORK/build-release/test_retry.exe"
Directory: C:/Users/vande/Desktop/NETWORK/build-release
"retry" start time: Sep 14 15:29 Stredoeurópsky èas (letný)
Output:
----------------------------------------------------------
<end of output>
Test time =   0.06 sec
----------------------------------------------------------
Test Passed.
"retry" end time: Sep 14 15:29 Stredoeurópsky èas (letný)
"retry" time elapsed: 00:00:00
----------------------------------------------------------

12/12 Testing: freeze
12/12 Test: freeze
Command: "C:/Users/vande/Desktop/NETWORK/build-release/test_freeze.exe"
Directory: C:/Users/vande/Desktop/NETWORK/build-release
"freeze" start time: Sep 14 15:29 Stredoeurópsky èas (letný)
Output:
----------------------------------------------------------
<end of output>
Test time =   0.07 sec
----------------------------------------------------------
Test Passed.
"freeze" end time: Sep 14 15:29 Stredoeurópsky èas (letný)
"freeze" time elapsed: 00:00:00
----------------------------------------------------------

End testing: Sep 14 15:29 Stredoeurópsky èas (letný)
